-------------------------------------------------------------------------------
Test set: org.example.Test_Runner.TestRunner
-------------------------------------------------------------------------------
Tests run: 21, Failures: 3, Errors: 0, Skipped: 0, Time elapsed: 182.277 s <<< FAILURE! - in org.example.Test_Runner.TestRunner
org.example.Test_Runner.TestRunner.runScenario  Time elapsed: 6.046 s  <<< FAILURE!
java.lang.AssertionError: expected [https://demo.nopcommerce.com/iphone-6] but found [https://demo.nopcommerce.com/]

org.example.Test_Runner.TestRunner.runScenario  Time elapsed: 5.993 s  <<< FAILURE!
java.lang.AssertionError: expected [https://demo.nopcommerce.com/nokia-lumia-1020] but found [https://demo.nopcommerce.com/]

org.example.Test_Runner.TestRunner.runScenario  Time elapsed: 8.416 s  <<< FAILURE!
java.lang.IndexOutOfBoundsException: Index 1 out of bounds for length 1

