<?xml version="1.0" encoding="UTF-8"?>
<testsuite xmlns:xsi="http://www.w3.org/2001/XMLSchema-instance" xsi:noNamespaceSchemaLocation="https://maven.apache.org/surefire/maven-surefire-plugin/xsd/surefire-test-report-3.0.xsd" version="3.0" name="org.example.Test_Runner.TestRunner" time="183.16" tests="21" errors="0" skipped="0" failures="5">
  <properties>
[...]
</properties>
  <testcase name="runScenario" classname="org.example.Test_Runner.TestRunner" time="31.884">
    <failure message="no such element: Unable to locate element: {&quot;method&quot;:&quot;css selector&quot;,&quot;selector&quot;:&quot;.ico\-logout&quot;}&#10;  (Session info: chrome=108.0.5359.100)&#10;For documentation on this error, please visit: https://selenium.dev/exceptions/#no_such_element&#10;Build info: version: &apos;4.7.1&apos;, revision: &apos;c6795baf1a3&apos;&#10;System info: os.name: &apos;Windows 10&apos;, os.arch: &apos;amd64&apos;, os.version: &apos;10.0&apos;, java.version: &apos;19.0.1&apos;&#10;Driver info: org.openqa.selenium.chrome.ChromeDriver&#10;Command: [89a6438cff1ebee742759c4d02f168d5, findElement {using=class name, value=ico-logout}]&#10;Capabilities {acceptInsecureCerts: false, browserName: chrome, browserVersion: 108.0.5359.100, chrome: {chromedriverVersion: 108.0.5359.71 (1e0e3868ee06..., userDataDir: C:\Users\745G5~1\AppData\Lo...}, goog:chromeOptions: {debuggerAddress: localhost:51503}, networkConnectionEnabled: false, pageLoadStrategy: normal, platformName: WINDOWS, proxy: Proxy(), se:cdp: ws://localhost:51503/devtoo..., se:cdpVersion: 108.0.5359.100, setWindowRect: true, strictFileInteractability: false, timeouts: {implicit: 0, pageLoad: 300000, script: 30000}, unhandledPromptBehavior: dismiss and notify, webauthn:extension:credBlob: true, webauthn:extension:largeBlob: true, webauthn:virtualAuthenticators: true}&#10;Session ID: 89a6438cff1ebee742759c4d02f168d5" type="org.openqa.selenium.NoSuchElementException"><![CDATA[org.openqa.selenium.NoSuchElementException: 
no such element: Unable to locate element: {"method":"css selector","selector":".ico\-logout"}
  (Session info: chrome=108.0.5359.100)
For documentation on this error, please visit: https://selenium.dev/exceptions/#no_such_element
Build info: version: '4.7.1', revision: 'c6795baf1a3'
System info: os.name: 'Windows 10', os.arch: 'amd64', os.version: '10.0', java.version: '19.0.1'
Driver info: org.openqa.selenium.chrome.ChromeDriver
Command: [89a6438cff1ebee742759c4d02f168d5, findElement {using=class name, value=ico-logout}]
Capabilities {acceptInsecureCerts: false, browserName: chrome, browserVersion: 108.0.5359.100, chrome: {chromedriverVersion: 108.0.5359.71 (1e0e3868ee06..., userDataDir: C:\Users\745G5~1\AppData\Lo...}, goog:chromeOptions: {debuggerAddress: localhost:51503}, networkConnectionEnabled: false, pageLoadStrategy: normal, platformName: WINDOWS, proxy: Proxy(), se:cdp: ws://localhost:51503/devtoo..., se:cdpVersion: 108.0.5359.100, setWindowRect: true, strictFileInteractability: false, timeouts: {implicit: 0, pageLoad: 300000, script: 30000}, unhandledPromptBehavior: dismiss and notify, webauthn:extension:credBlob: true, webauthn:extension:largeBlob: true, webauthn:virtualAuthenticators: true}
Session ID: 89a6438cff1ebee742759c4d02f168d5
]]></failure>
    <system-out><![CDATA[
@smoke
Scenario: User could register with valid data       &amp#27;[90m# src/main/resources/Features_Folder/F01_Registration.feature:5&amp#27;[0m
  &amp#27;[32mGiven &amp#27;[0m&amp#27;[32muser goes to register page&amp#27;[0m                  &amp#27;[90m# org.example.Step_Definitions.D01_Registration_StepDefinitions.register_Page()&amp#27;[0m
  &amp#27;[32mWhen &amp#27;[0m&amp#27;[32muser enters valid data&amp#27;[0m                       &amp#27;[90m# org.example.Step_Definitions.D01_Registration_StepDefinitions.validData()&amp#27;[0m
  &amp#27;[32mAnd &amp#27;[0m&amp#27;[32muser click on register option&amp#27;[0m                 &amp#27;[90m# org.example.Step_Definitions.D01_Registration_StepDefinitions.registerClick()&amp#27;[0m
  &amp#27;[31mThen &amp#27;[0m&amp#27;[31muser should register successfully&amp#27;[0m            &amp#27;[90m# org.example.Step_Definitions.D01_Registration_StepDefinitions.successful_Registration()&amp#27;[0m
      &amp#27;[31morg.openqa.selenium.NoSuchElementException: no such element: Unable to locate element: {"method":"css selector","selector":".ico\-logout"}
  (Session info: chrome=108.0.5359.100)
For documentation on this error, please visit: https://selenium.dev/exceptions/#no_such_element
Build info: version: '4.7.1', revision: 'c6795baf1a3'
System info: os.name: 'Windows 10', os.arch: 'amd64', os.version: '10.0', java.version: '19.0.1'
Driver info: org.openqa.selenium.chrome.ChromeDriver
Command: [89a6438cff1ebee742759c4d02f168d5, findElement {using=class name, value=ico-logout}]
Capabilities {acceptInsecureCerts: false, browserName: chrome, browserVersion: 108.0.5359.100, chrome: {chromedriverVersion: 108.0.5359.71 (1e0e3868ee06..., userDataDir: C:\Users\745G5~1\AppData\Lo...}, goog:chromeOptions: {debuggerAddress: localhost:51503}, networkConnectionEnabled: false, pageLoadStrategy: normal, platformName: WINDOWS, proxy: Proxy(), se:cdp: ws://localhost:51503/devtoo..., se:cdpVersion: 108.0.5359.100, setWindowRect: true, strictFileInteractability: false, timeouts: {implicit: 0, pageLoad: 300000, script: 30000}, unhandledPromptBehavior: dismiss and notify, webauthn:extension:credBlob: true, webauthn:extension:largeBlob: true, webauthn:virtualAuthenticators: true}
Session ID: 89a6438cff1ebee742759c4d02f168d5
	at java.base/jdk.internal.reflect.DirectConstructorHandleAccessor.newInstance(DirectConstructorHandleAccessor.java:67)
	at java.base/java.lang.reflect.Constructor.newInstanceWithCaller(Constructor.java:500)
	at java.base/java.lang.reflect.Constructor.newInstance(Constructor.java:484)
	at org.openqa.selenium.remote.codec.w3c.W3CHttpResponseCodec.createException(W3CHttpResponseCodec.java:200)
	at org.openqa.selenium.remote.codec.w3c.W3CHttpResponseCodec.decode(W3CHttpResponseCodec.java:133)
	at org.openqa.selenium.remote.codec.w3c.W3CHttpResponseCodec.decode(W3CHttpResponseCodec.java:53)
	at org.openqa.selenium.remote.HttpCommandExecutor.execute(HttpCommandExecutor.java:184)
	at org.openqa.selenium.remote.service.DriverCommandExecutor.invokeExecute(DriverCommandExecutor.java:167)
	at org.openqa.selenium.remote.service.DriverCommandExecutor.execute(DriverCommandExecutor.java:142)
	at org.openqa.selenium.remote.RemoteWebDriver.execute(RemoteWebDriver.java:551)
	at org.openqa.selenium.remote.ElementLocation$ElementFinder$2.findElement(ElementLocation.java:162)
	at org.openqa.selenium.remote.ElementLocation.findElement(ElementLocation.java:60)
	at org.openqa.selenium.remote.RemoteWebDriver.findElement(RemoteWebDriver.java:367)
	at org.openqa.selenium.remote.RemoteWebDriver.findElement(RemoteWebDriver.java:359)
	at org.example.Step_Definitions.D01_Registration_StepDefinitions.successful_Registration(D01_Registration_StepDefinitions.java:78)
	at ✽.user should register successfully(file:///D:/E-Commerce%20Website%20Project/E-Commerce_Website_Testing/src/main/resources/Features_Folder/F01_Registration.feature:9)
&amp#27;[0m
  &amp#27;[36mAnd &amp#27;[0m&amp#27;[36mregistration completion message should appear&amp#27;[0m &amp#27;[90m# org.example.Step_Definitions.D01_Registration_StepDefinitions.success_message()&amp#27;[0m
]]></system-out>
    <system-err><![CDATA[SLF4J: Failed to load class "org.slf4j.impl.StaticLoggerBinder".
SLF4J: Defaulting to no-operation (NOP) logger implementation
SLF4J: See http://www.slf4j.org/codes.html#StaticLoggerBinder for further details.
Starting ChromeDriver 108.0.5359.71 (1e0e3868ee06e91ad636a874420e3ca3ae3756ac-refs/branch-heads/5359@{#1016}) on port 38188
Only local connections are allowed.
Please see https://chromedriver.chromium.org/security-considerations for suggestions on keeping ChromeDriver safe.
ChromeDriver was started successfully.
]]></system-err>
  </testcase>
  <testcase name="runScenario" classname="org.example.Test_Runner.TestRunner" time="8.077"/>
  <testcase name="runScenario" classname="org.example.Test_Runner.TestRunner" time="8.683"/>
  <testcase name="runScenario" classname="org.example.Test_Runner.TestRunner" time="6.773"/>
  <testcase name="runScenario" classname="org.example.Test_Runner.TestRunner" time="6.828"/>
  <testcase name="runScenario" classname="org.example.Test_Runner.TestRunner" time="5.935"/>
  <testcase name="runScenario" classname="org.example.Test_Runner.TestRunner" time="6.403"/>
  <testcase name="runScenario" classname="org.example.Test_Runner.TestRunner" time="7.798"/>
  <testcase name="runScenario" classname="org.example.Test_Runner.TestRunner" time="8.408"/>
  <testcase name="runScenario" classname="org.example.Test_Runner.TestRunner" time="7.564"/>
  <testcase name="runScenario" classname="org.example.Test_Runner.TestRunner" time="6.054"/>
  <testcase name="runScenario" classname="org.example.Test_Runner.TestRunner" time="6.773"/>
  <testcase name="runScenario" classname="org.example.Test_Runner.TestRunner" time="6.965"/>
  <testcase name="runScenario" classname="org.example.Test_Runner.TestRunner" time="5.435">
    <failure message="expected [https://demo.nopcommerce.com/iphone-6] but found [https://demo.nopcommerce.com/]" type="java.lang.AssertionError"><![CDATA[java.lang.AssertionError: expected [https://demo.nopcommerce.com/iphone-6] but found [https://demo.nopcommerce.com/]
]]></failure>
    <system-out><![CDATA[
@smoke
Scenario: first slider is clickable on home page        &amp#27;[90m# src/main/resources/Features_Folder/F07_Home_Sliders.feature:5&amp#27;[0m
  &amp#27;[32mWhen &amp#27;[0m&amp#27;[32muser clicks on the Nokia Lumia 1020 slider&amp#27;[0m       &amp#27;[90m# org.example.Step_Definitions.D07_HomeSliders_StepDefinitions.click_NokiaSlider()&amp#27;[0m
  &amp#27;[31mThen &amp#27;[0m&amp#27;[31muser should be directed to Nokia Lumia 1020 page&amp#27;[0m &amp#27;[90m# org.example.Step_Definitions.D07_HomeSliders_StepDefinitions.iphone_Page()&amp#27;[0m
      &amp#27;[31mjava.lang.AssertionError: expected [https://demo.nopcommerce.com/iphone-6] but found [https://demo.nopcommerce.com/]
	at org.testng.Assert.fail(Assert.java:110)
	at org.testng.Assert.failNotEquals(Assert.java:1413)
	at org.testng.Assert.assertEqualsImpl(Assert.java:149)
	at org.testng.Assert.assertEquals(Assert.java:131)
	at org.testng.Assert.assertEquals(Assert.java:655)
	at org.testng.Assert.assertEquals(Assert.java:665)
	at org.example.Step_Definitions.D07_HomeSliders_StepDefinitions.iphone_Page(D07_HomeSliders_StepDefinitions.java:40)
	at ✽.user should be directed to Nokia Lumia 1020 page(file:///D:/E-Commerce%20Website%20Project/E-Commerce_Website_Testing/src/main/resources/Features_Folder/F07_Home_Sliders.feature:7)
&amp#27;[0m
]]></system-out>
    <system-err><![CDATA[Starting ChromeDriver 108.0.5359.71 (1e0e3868ee06e91ad636a874420e3ca3ae3756ac-refs/branch-heads/5359@{#1016}) on port 29245
Only local connections are allowed.
Please see https://chromedriver.chromium.org/security-considerations for suggestions on keeping ChromeDriver safe.
ChromeDriver was started successfully.
]]></system-err>
  </testcase>
  <testcase name="runScenario" classname="org.example.Test_Runner.TestRunner" time="6.35">
    <failure message="expected [https://demo.nopcommerce.com/nokia-lumia-1020] but found [https://demo.nopcommerce.com/]" type="java.lang.AssertionError"><![CDATA[java.lang.AssertionError: expected [https://demo.nopcommerce.com/nokia-lumia-1020] but found [https://demo.nopcommerce.com/]
]]></failure>
    <system-out><![CDATA[
@smoke
Scenario: second slider is clickable on home page &amp#27;[90m# src/main/resources/Features_Folder/F07_Home_Sliders.feature:11&amp#27;[0m
  &amp#27;[32mWhen &amp#27;[0m&amp#27;[32muser clicks on the iPhone slider&amp#27;[0m           &amp#27;[90m# org.example.Step_Definitions.D07_HomeSliders_StepDefinitions.click_IPhoneSlider()&amp#27;[0m
  &amp#27;[31mThen &amp#27;[0m&amp#27;[31muser should be directed to iPhone page&amp#27;[0m     &amp#27;[90m# org.example.Step_Definitions.D07_HomeSliders_StepDefinitions.nokia_Page()&amp#27;[0m
      &amp#27;[31mjava.lang.AssertionError: expected [https://demo.nopcommerce.com/nokia-lumia-1020] but found [https://demo.nopcommerce.com/]
	at org.testng.Assert.fail(Assert.java:110)
	at org.testng.Assert.failNotEquals(Assert.java:1413)
	at org.testng.Assert.assertEqualsImpl(Assert.java:149)
	at org.testng.Assert.assertEquals(Assert.java:131)
	at org.testng.Assert.assertEquals(Assert.java:655)
	at org.testng.Assert.assertEquals(Assert.java:665)
	at org.example.Step_Definitions.D07_HomeSliders_StepDefinitions.nokia_Page(D07_HomeSliders_StepDefinitions.java:25)
	at ✽.user should be directed to iPhone page(file:///D:/E-Commerce%20Website%20Project/E-Commerce_Website_Testing/src/main/resources/Features_Folder/F07_Home_Sliders.feature:13)
&amp#27;[0m
]]></system-out>
    <system-err><![CDATA[Starting ChromeDriver 108.0.5359.71 (1e0e3868ee06e91ad636a874420e3ca3ae3756ac-refs/branch-heads/5359@{#1016}) on port 23180
Only local connections are allowed.
Please see https://chromedriver.chromium.org/security-considerations for suggestions on keeping ChromeDriver safe.
ChromeDriver was started successfully.
]]></system-err>
  </testcase>
  <testcase name="runScenario" classname="org.example.Test_Runner.TestRunner" time="8.139"/>
  <testcase name="runScenario" classname="org.example.Test_Runner.TestRunner" time="8.3"/>
  <testcase name="runScenario" classname="org.example.Test_Runner.TestRunner" time="8.402">
    <failure message="Index 1 out of bounds for length 1" type="java.lang.IndexOutOfBoundsException"><![CDATA[java.lang.IndexOutOfBoundsException: Index 1 out of bounds for length 1
]]></failure>
    <system-out><![CDATA[
@smoke
Scenario: user opens rss link                          &amp#27;[90m# src/main/resources/Features_Folder/F08_FollowUs.feature:15&amp#27;[0m
  &amp#27;[32mWhen &amp#27;[0m&amp#27;[32muser clicks on rss link&amp#27;[0m                         &amp#27;[90m# org.example.Step_Definitions.D08_FollowUs_StepDefinitions.click_rss()&amp#27;[0m
  &amp#27;[31mThen &amp#27;[0m&amp#27;[31muser should be directed to the website rss page&amp#27;[0m &amp#27;[90m# org.example.Step_Definitions.D08_FollowUs_StepDefinitions.rss()&amp#27;[0m
      &amp#27;[31mjava.lang.IndexOutOfBoundsException: Index 1 out of bounds for length 1
	at java.base/jdk.internal.util.Preconditions.outOfBounds(Preconditions.java:100)
	at java.base/jdk.internal.util.Preconditions.outOfBoundsCheckIndex(Preconditions.java:106)
	at java.base/jdk.internal.util.Preconditions.checkIndex(Preconditions.java:302)
	at java.base/java.util.Objects.checkIndex(Objects.java:385)
	at java.base/java.util.ArrayList.get(ArrayList.java:427)
	at org.example.Step_Definitions.D08_FollowUs_StepDefinitions.rss(D08_FollowUs_StepDefinitions.java:73)
	at ✽.user should be directed to the website rss page(file:///D:/E-Commerce%20Website%20Project/E-Commerce_Website_Testing/src/main/resources/Features_Folder/F08_FollowUs.feature:17)
&amp#27;[0m
]]></system-out>
    <system-err><![CDATA[Starting ChromeDriver 108.0.5359.71 (1e0e3868ee06e91ad636a874420e3ca3ae3756ac-refs/branch-heads/5359@{#1016}) on port 6161
Only local connections are allowed.
Please see https://chromedriver.chromium.org/security-considerations for suggestions on keeping ChromeDriver safe.
ChromeDriver was started successfully.
]]></system-err>
  </testcase>
  <testcase name="runScenario" classname="org.example.Test_Runner.TestRunner" time="11.183"/>
  <testcase name="runScenario" classname="org.example.Test_Runner.TestRunner" time="6.524"/>
  <testcase name="runScenario" classname="org.example.Test_Runner.TestRunner" time="9.062">
    <failure message="Expected condition failed: waiting for element to no longer be visible: By.cssSelector: div[class=&quot;bar-notification success&quot;] (tried for 4 second(s) with 500 milliseconds interval)&#10;Build info: version: &apos;4.7.1&apos;, revision: &apos;c6795baf1a3&apos;&#10;System info: os.name: &apos;Windows 10&apos;, os.arch: &apos;amd64&apos;, os.version: &apos;10.0&apos;, java.version: &apos;19.0.1&apos;&#10;Driver info: org.openqa.selenium.chrome.ChromeDriver&#10;Capabilities {acceptInsecureCerts: false, browserName: chrome, browserVersion: 108.0.5359.100, chrome: {chromedriverVersion: 108.0.5359.71 (1e0e3868ee06..., userDataDir: C:\Users\745G5~1\AppData\Lo...}, goog:chromeOptions: {debuggerAddress: localhost:52079}, networkConnectionEnabled: false, pageLoadStrategy: normal, platformName: WINDOWS, proxy: Proxy(), se:cdp: ws://localhost:52079/devtoo..., se:cdpVersion: 108.0.5359.100, setWindowRect: true, strictFileInteractability: false, timeouts: {implicit: 0, pageLoad: 300000, script: 30000}, unhandledPromptBehavior: dismiss and notify, webauthn:extension:credBlob: true, webauthn:extension:largeBlob: true, webauthn:virtualAuthenticators: true}&#10;Session ID: c69e01cdd4c56a6d97dd051c4b6fa070" type="org.openqa.selenium.TimeoutException"><![CDATA[org.openqa.selenium.TimeoutException: 
Expected condition failed: waiting for element to no longer be visible: By.cssSelector: div[class="bar-notification success"] (tried for 4 second(s) with 500 milliseconds interval)
Build info: version: '4.7.1', revision: 'c6795baf1a3'
System info: os.name: 'Windows 10', os.arch: 'amd64', os.version: '10.0', java.version: '19.0.1'
Driver info: org.openqa.selenium.chrome.ChromeDriver
Capabilities {acceptInsecureCerts: false, browserName: chrome, browserVersion: 108.0.5359.100, chrome: {chromedriverVersion: 108.0.5359.71 (1e0e3868ee06..., userDataDir: C:\Users\745G5~1\AppData\Lo...}, goog:chromeOptions: {debuggerAddress: localhost:52079}, networkConnectionEnabled: false, pageLoadStrategy: normal, platformName: WINDOWS, proxy: Proxy(), se:cdp: ws://localhost:52079/devtoo..., se:cdpVersion: 108.0.5359.100, setWindowRect: true, strictFileInteractability: false, timeouts: {implicit: 0, pageLoad: 300000, script: 30000}, unhandledPromptBehavior: dismiss and notify, webauthn:extension:credBlob: true, webauthn:extension:largeBlob: true, webauthn:virtualAuthenticators: true}
Session ID: c69e01cdd4c56a6d97dd051c4b6fa070
]]></failure>
    <system-out><![CDATA[
@smoke
Scenario: user could click on "Wishlist" Tab                                 &amp#27;[90m# src/main/resources/Features_Folder/F09_Wishlist.feature:9&amp#27;[0m
  &amp#27;[32mWhen &amp#27;[0m&amp#27;[32muser clicks on the wishlist button&amp#27;[0m                                    &amp#27;[90m# org.example.Step_Definitions.D09_Wishlist_StepDefinitions.click_wishlist()&amp#27;[0m
  &amp#27;[31mAnd &amp#27;[0m&amp#27;[31muser waits until success message disappears and clicks on wishlist Tab&amp#27;[0m &amp#27;[90m# org.example.Step_Definitions.D09_Wishlist_StepDefinitions.click_wishlistTab()&amp#27;[0m
      &amp#27;[31morg.openqa.selenium.TimeoutException: Expected condition failed: waiting for element to no longer be visible: By.cssSelector: div[class="bar-notification success"] (tried for 4 second(s) with 500 milliseconds interval)
Build info: version: '4.7.1', revision: 'c6795baf1a3'
System info: os.name: 'Windows 10', os.arch: 'amd64', os.version: '10.0', java.version: '19.0.1'
Driver info: org.openqa.selenium.chrome.ChromeDriver
Capabilities {acceptInsecureCerts: false, browserName: chrome, browserVersion: 108.0.5359.100, chrome: {chromedriverVersion: 108.0.5359.71 (1e0e3868ee06..., userDataDir: C:\Users\745G5~1\AppData\Lo...}, goog:chromeOptions: {debuggerAddress: localhost:52079}, networkConnectionEnabled: false, pageLoadStrategy: normal, platformName: WINDOWS, proxy: Proxy(), se:cdp: ws://localhost:52079/devtoo..., se:cdpVersion: 108.0.5359.100, setWindowRect: true, strictFileInteractability: false, timeouts: {implicit: 0, pageLoad: 300000, script: 30000}, unhandledPromptBehavior: dismiss and notify, webauthn:extension:credBlob: true, webauthn:extension:largeBlob: true, webauthn:virtualAuthenticators: true}
Session ID: c69e01cdd4c56a6d97dd051c4b6fa070
	at org.openqa.selenium.support.ui.WebDriverWait.timeoutException(WebDriverWait.java:87)
	at org.openqa.selenium.support.ui.FluentWait.until(FluentWait.java:231)
	at org.example.Step_Definitions.D09_Wishlist_StepDefinitions.click_wishlistTab(D09_Wishlist_StepDefinitions.java:50)
	at ✽.user waits until success message disappears and clicks on wishlist Tab(file:///D:/E-Commerce%20Website%20Project/E-Commerce_Website_Testing/src/main/resources/Features_Folder/F09_Wishlist.feature:11)
&amp#27;[0m
  &amp#27;[36mThen &amp#27;[0m&amp#27;[36mproduct is existed in the wishlist&amp#27;[0m                                    &amp#27;[90m# org.example.Step_Definitions.D09_Wishlist_StepDefinitions.product_exists()&amp#27;[0m
]]></system-out>
    <system-err><![CDATA[Starting ChromeDriver 108.0.5359.71 (1e0e3868ee06e91ad636a874420e3ca3ae3756ac-refs/branch-heads/5359@{#1016}) on port 11466
Only local connections are allowed.
Please see https://chromedriver.chromium.org/security-considerations for suggestions on keeping ChromeDriver safe.
ChromeDriver was started successfully.
]]></system-err>
  </testcase>
</testsuite>