<?xml version="1.0" encoding="UTF-8"?>
<testng-results ignored="0" total="21" passed="18" failed="3" skipped="0">
  <reporter-output>
  </reporter-output>
  <suite started-at="2022-12-15T00:49:16 EET" name="Surefire suite" finished-at="2022-12-15T00:52:18 EET" duration-ms="181656">
    <groups>
      <group name="cucumber">
        <method signature="AbstractTestNGCucumberTests.runScenario(io.cucumber.testng.PickleWrapper,io.cucumber.testng.FeatureWrapper)[pri:0, instance:org.example.Test_Runner.TestRunner@d706f19]" name="runScenario" class="io.cucumber.testng.AbstractTestNGCucumberTests"/>
      </group> <!-- cucumber -->
    </groups>
    <test started-at="2022-12-15T00:49:16 EET" name="Surefire test" finished-at="2022-12-15T00:52:18 EET" duration-ms="181656">
      <class name="org.example.Test_Runner.TestRunner">
        <test-method is-config="true" signature="setUpClass(org.testng.ITestContext)[pri:0, instance:org.example.Test_Runner.TestRunner@d706f19]" started-at="2022-12-15T00:49:16 EET" name="setUpClass" finished-at="2022-12-15T00:49:17 EET" duration-ms="777" status="PASS">
          <params>
            <param index="0">
              <value>
                <![CDATA[org.testng.TestRunner@72f3acc9]]>
              </value>
            </param>
          </params>
          <reporter-output>
          </reporter-output>
        </test-method> <!-- setUpClass -->
        <test-method signature="runScenario(io.cucumber.testng.PickleWrapper,io.cucumber.testng.FeatureWrapper)[pri:0, instance:org.example.Test_Runner.TestRunner@d706f19]" started-at="2022-12-15T00:49:17 EET" name="runScenario" description="Runs Cucumber Scenarios" data-provider="scenarios" finished-at="2022-12-15T00:49:37 EET" duration-ms="20040" status="PASS">
          <params>
            <param index="0">
              <value>
                <![CDATA["User could register with valid data"]]>
              </value>
            </param>
            <param index="1">
              <value>
                <![CDATA["F01_Registration | user register to e-commerce website"]]>
              </value>
            </param>
          </params>
          <reporter-output>
          </reporter-output>
        </test-method> <!-- runScenario -->
        <test-method signature="runScenario(io.cucumber.testng.PickleWrapper,io.cucumber.testng.FeatureWrapper)[pri:0, instance:org.example.Test_Runner.TestRunner@d706f19]" started-at="2022-12-15T00:49:37 EET" name="runScenario" description="Runs Cucumber Scenarios" data-provider="scenarios" finished-at="2022-12-15T00:49:46 EET" duration-ms="9203" status="PASS">
          <params>
            <param index="0">
              <value>
                <![CDATA["User could log in with valid email and password"]]>
              </value>
            </param>
            <param index="1">
              <value>
                <![CDATA["F02_Login | user login to e-commerce website"]]>
              </value>
            </param>
          </params>
          <reporter-output>
          </reporter-output>
        </test-method> <!-- runScenario -->
        <test-method signature="runScenario(io.cucumber.testng.PickleWrapper,io.cucumber.testng.FeatureWrapper)[pri:0, instance:org.example.Test_Runner.TestRunner@d706f19]" started-at="2022-12-15T00:49:46 EET" name="runScenario" description="Runs Cucumber Scenarios" data-provider="scenarios" finished-at="2022-12-15T00:49:54 EET" duration-ms="7534" status="PASS">
          <params>
            <param index="0">
              <value>
                <![CDATA["User should not log in with invalid email and password"]]>
              </value>
            </param>
            <param index="1">
              <value>
                <![CDATA["F02_Login | user login to e-commerce website"]]>
              </value>
            </param>
          </params>
          <reporter-output>
          </reporter-output>
        </test-method> <!-- runScenario -->
        <test-method signature="runScenario(io.cucumber.testng.PickleWrapper,io.cucumber.testng.FeatureWrapper)[pri:0, instance:org.example.Test_Runner.TestRunner@d706f19]" started-at="2022-12-15T00:49:54 EET" name="runScenario" description="Runs Cucumber Scenarios" data-provider="scenarios" finished-at="2022-12-15T00:50:02 EET" duration-ms="8293" status="PASS">
          <params>
            <param index="0">
              <value>
                <![CDATA["User could reset his/her password successfully"]]>
              </value>
            </param>
            <param index="1">
              <value>
                <![CDATA["F03_Password Reset | user reset password"]]>
              </value>
            </param>
          </params>
          <reporter-output>
          </reporter-output>
        </test-method> <!-- runScenario -->
        <test-method signature="runScenario(io.cucumber.testng.PickleWrapper,io.cucumber.testng.FeatureWrapper)[pri:0, instance:org.example.Test_Runner.TestRunner@d706f19]" started-at="2022-12-15T00:50:02 EET" name="runScenario" description="Runs Cucumber Scenarios" data-provider="scenarios" finished-at="2022-12-15T00:50:08 EET" duration-ms="6155" status="PASS">
          <params>
            <param index="0">
              <value>
                <![CDATA["Logged user could search using product name"]]>
              </value>
            </param>
            <param index="1">
              <value>
                <![CDATA["F04_Product Search | user search for product"]]>
              </value>
            </param>
          </params>
          <reporter-output>
          </reporter-output>
        </test-method> <!-- runScenario -->
        <test-method signature="runScenario(io.cucumber.testng.PickleWrapper,io.cucumber.testng.FeatureWrapper)[pri:0, instance:org.example.Test_Runner.TestRunner@d706f19]" started-at="2022-12-15T00:50:08 EET" name="runScenario" description="Runs Cucumber Scenarios" data-provider="scenarios" finished-at="2022-12-15T00:50:14 EET" duration-ms="6401" status="PASS">
          <params>
            <param index="0">
              <value>
                <![CDATA["Logged user could search using product name"]]>
              </value>
            </param>
            <param index="1">
              <value>
                <![CDATA["F04_Product Search | user search for product"]]>
              </value>
            </param>
          </params>
          <reporter-output>
          </reporter-output>
        </test-method> <!-- runScenario -->
        <test-method signature="runScenario(io.cucumber.testng.PickleWrapper,io.cucumber.testng.FeatureWrapper)[pri:0, instance:org.example.Test_Runner.TestRunner@d706f19]" started-at="2022-12-15T00:50:14 EET" name="runScenario" description="Runs Cucumber Scenarios" data-provider="scenarios" finished-at="2022-12-15T00:50:21 EET" duration-ms="6526" status="PASS">
          <params>
            <param index="0">
              <value>
                <![CDATA["Logged user could search using product name"]]>
              </value>
            </param>
            <param index="1">
              <value>
                <![CDATA["F04_Product Search | user search for product"]]>
              </value>
            </param>
          </params>
          <reporter-output>
          </reporter-output>
        </test-method> <!-- runScenario -->
        <test-method signature="runScenario(io.cucumber.testng.PickleWrapper,io.cucumber.testng.FeatureWrapper)[pri:0, instance:org.example.Test_Runner.TestRunner@d706f19]" started-at="2022-12-15T00:50:21 EET" name="runScenario" description="Runs Cucumber Scenarios" data-provider="scenarios" finished-at="2022-12-15T00:50:28 EET" duration-ms="7413" status="PASS">
          <params>
            <param index="0">
              <value>
                <![CDATA["Logged user could search for product using sku"]]>
              </value>
            </param>
            <param index="1">
              <value>
                <![CDATA["F04_Product Search | user search for product"]]>
              </value>
            </param>
          </params>
          <reporter-output>
          </reporter-output>
        </test-method> <!-- runScenario -->
        <test-method signature="runScenario(io.cucumber.testng.PickleWrapper,io.cucumber.testng.FeatureWrapper)[pri:0, instance:org.example.Test_Runner.TestRunner@d706f19]" started-at="2022-12-15T00:50:28 EET" name="runScenario" description="Runs Cucumber Scenarios" data-provider="scenarios" finished-at="2022-12-15T00:50:36 EET" duration-ms="8094" status="PASS">
          <params>
            <param index="0">
              <value>
                <![CDATA["Logged user could search for product using sku"]]>
              </value>
            </param>
            <param index="1">
              <value>
                <![CDATA["F04_Product Search | user search for product"]]>
              </value>
            </param>
          </params>
          <reporter-output>
          </reporter-output>
        </test-method> <!-- runScenario -->
        <test-method signature="runScenario(io.cucumber.testng.PickleWrapper,io.cucumber.testng.FeatureWrapper)[pri:0, instance:org.example.Test_Runner.TestRunner@d706f19]" started-at="2022-12-15T00:50:36 EET" name="runScenario" description="Runs Cucumber Scenarios" data-provider="scenarios" finished-at="2022-12-15T00:50:45 EET" duration-ms="8214" status="PASS">
          <params>
            <param index="0">
              <value>
                <![CDATA["Logged user could search for product using sku"]]>
              </value>
            </param>
            <param index="1">
              <value>
                <![CDATA["F04_Product Search | user search for product"]]>
              </value>
            </param>
          </params>
          <reporter-output>
          </reporter-output>
        </test-method> <!-- runScenario -->
        <test-method signature="runScenario(io.cucumber.testng.PickleWrapper,io.cucumber.testng.FeatureWrapper)[pri:0, instance:org.example.Test_Runner.TestRunner@d706f19]" started-at="2022-12-15T00:50:45 EET" name="runScenario" description="Runs Cucumber Scenarios" data-provider="scenarios" finished-at="2022-12-15T00:50:50 EET" duration-ms="5288" status="PASS">
          <params>
            <param index="0">
              <value>
                <![CDATA["Logged User could choose US currency"]]>
              </value>
            </param>
            <param index="1">
              <value>
                <![CDATA["F05_Switching Currencies | user switch between US and Euro currencies"]]>
              </value>
            </param>
          </params>
          <reporter-output>
          </reporter-output>
        </test-method> <!-- runScenario -->
        <test-method signature="runScenario(io.cucumber.testng.PickleWrapper,io.cucumber.testng.FeatureWrapper)[pri:0, instance:org.example.Test_Runner.TestRunner@d706f19]" started-at="2022-12-15T00:50:50 EET" name="runScenario" description="Runs Cucumber Scenarios" data-provider="scenarios" finished-at="2022-12-15T00:50:57 EET" duration-ms="6679" status="PASS">
          <params>
            <param index="0">
              <value>
                <![CDATA["Logged User could choose Euro currency"]]>
              </value>
            </param>
            <param index="1">
              <value>
                <![CDATA["F05_Switching Currencies | user switch between US and Euro currencies"]]>
              </value>
            </param>
          </params>
          <reporter-output>
          </reporter-output>
        </test-method> <!-- runScenario -->
        <test-method signature="runScenario(io.cucumber.testng.PickleWrapper,io.cucumber.testng.FeatureWrapper)[pri:0, instance:org.example.Test_Runner.TestRunner@d706f19]" started-at="2022-12-15T00:50:57 EET" name="runScenario" description="Runs Cucumber Scenarios" data-provider="scenarios" finished-at="2022-12-15T00:51:03 EET" duration-ms="6782" status="PASS">
          <params>
            <param index="0">
              <value>
                <![CDATA["Logged user could hover on different sub categories"]]>
              </value>
            </param>
            <param index="1">
              <value>
                <![CDATA["F06_Hover On Categories | user hover on categories"]]>
              </value>
            </param>
          </params>
          <reporter-output>
          </reporter-output>
        </test-method> <!-- runScenario -->
        <test-method signature="runScenario(io.cucumber.testng.PickleWrapper,io.cucumber.testng.FeatureWrapper)[pri:0, instance:org.example.Test_Runner.TestRunner@d706f19]" started-at="2022-12-15T00:51:03 EET" name="runScenario" description="Runs Cucumber Scenarios" data-provider="scenarios" finished-at="2022-12-15T00:51:09 EET" duration-ms="6039" status="FAIL">
          <params>
            <param index="0">
              <value>
                <![CDATA["first slider is clickable on home page"]]>
              </value>
            </param>
            <param index="1">
              <value>
                <![CDATA["F07_Home Sliders | user clicks on home sliders"]]>
              </value>
            </param>
          </params>
          <exception class="java.lang.AssertionError">
            <message>
              <![CDATA[expected [https://demo.nopcommerce.com/iphone-6] but found [https://demo.nopcommerce.com/]]]>
            </message>
            <full-stacktrace>
              <![CDATA[java.lang.AssertionError: expected [https://demo.nopcommerce.com/iphone-6] but found [https://demo.nopcommerce.com/]
at org.testng.Assert.fail(Assert.java:110)
at org.testng.Assert.failNotEquals(Assert.java:1413)
at org.testng.Assert.assertEqualsImpl(Assert.java:149)
at org.testng.Assert.assertEquals(Assert.java:131)
at org.testng.Assert.assertEquals(Assert.java:655)
at org.testng.Assert.assertEquals(Assert.java:665)
at org.example.Step_Definitions.D07_HomeSliders_StepDefinitions.iphone_Page(D07_HomeSliders_StepDefinitions.java:40)
at ✽.user should be directed to Nokia Lumia 1020 page(file:///D:/E-Commerce%20Website%20Project/E-Commerce_Website_Testing/src/main/resources/Features_Folder/F07_Home_Sliders.feature:7)
]]>
            </full-stacktrace>
          </exception> <!-- java.lang.AssertionError -->
          <reporter-output>
          </reporter-output>
        </test-method> <!-- runScenario -->
        <test-method signature="runScenario(io.cucumber.testng.PickleWrapper,io.cucumber.testng.FeatureWrapper)[pri:0, instance:org.example.Test_Runner.TestRunner@d706f19]" started-at="2022-12-15T00:51:09 EET" name="runScenario" description="Runs Cucumber Scenarios" data-provider="scenarios" finished-at="2022-12-15T00:51:15 EET" duration-ms="5994" status="FAIL">
          <params>
            <param index="0">
              <value>
                <![CDATA["second slider is clickable on home page"]]>
              </value>
            </param>
            <param index="1">
              <value>
                <![CDATA["F07_Home Sliders | user clicks on home sliders"]]>
              </value>
            </param>
          </params>
          <exception class="java.lang.AssertionError">
            <message>
              <![CDATA[expected [https://demo.nopcommerce.com/nokia-lumia-1020] but found [https://demo.nopcommerce.com/]]]>
            </message>
            <full-stacktrace>
              <![CDATA[java.lang.AssertionError: expected [https://demo.nopcommerce.com/nokia-lumia-1020] but found [https://demo.nopcommerce.com/]
at org.testng.Assert.fail(Assert.java:110)
at org.testng.Assert.failNotEquals(Assert.java:1413)
at org.testng.Assert.assertEqualsImpl(Assert.java:149)
at org.testng.Assert.assertEquals(Assert.java:131)
at org.testng.Assert.assertEquals(Assert.java:655)
at org.testng.Assert.assertEquals(Assert.java:665)
at org.example.Step_Definitions.D07_HomeSliders_StepDefinitions.nokia_Page(D07_HomeSliders_StepDefinitions.java:25)
at ✽.user should be directed to iPhone page(file:///D:/E-Commerce%20Website%20Project/E-Commerce_Website_Testing/src/main/resources/Features_Folder/F07_Home_Sliders.feature:13)
]]>
            </full-stacktrace>
          </exception> <!-- java.lang.AssertionError -->
          <reporter-output>
          </reporter-output>
        </test-method> <!-- runScenario -->
        <test-method signature="runScenario(io.cucumber.testng.PickleWrapper,io.cucumber.testng.FeatureWrapper)[pri:0, instance:org.example.Test_Runner.TestRunner@d706f19]" started-at="2022-12-15T00:51:15 EET" name="runScenario" description="Runs Cucumber Scenarios" data-provider="scenarios" finished-at="2022-12-15T00:51:24 EET" duration-ms="8255" status="PASS">
          <params>
            <param index="0">
              <value>
                <![CDATA["user opens facebook link"]]>
              </value>
            </param>
            <param index="1">
              <value>
                <![CDATA["F08_Follow Us  | User clicks on follow us icons"]]>
              </value>
            </param>
          </params>
          <reporter-output>
          </reporter-output>
        </test-method> <!-- runScenario -->
        <test-method signature="runScenario(io.cucumber.testng.PickleWrapper,io.cucumber.testng.FeatureWrapper)[pri:0, instance:org.example.Test_Runner.TestRunner@d706f19]" started-at="2022-12-15T00:51:24 EET" name="runScenario" description="Runs Cucumber Scenarios" data-provider="scenarios" finished-at="2022-12-15T00:51:32 EET" duration-ms="8488" status="PASS">
          <params>
            <param index="0">
              <value>
                <![CDATA["user opens twitter link"]]>
              </value>
            </param>
            <param index="1">
              <value>
                <![CDATA["F08_Follow Us  | User clicks on follow us icons"]]>
              </value>
            </param>
          </params>
          <reporter-output>
          </reporter-output>
        </test-method> <!-- runScenario -->
        <test-method signature="runScenario(io.cucumber.testng.PickleWrapper,io.cucumber.testng.FeatureWrapper)[pri:0, instance:org.example.Test_Runner.TestRunner@d706f19]" started-at="2022-12-15T00:51:32 EET" name="runScenario" description="Runs Cucumber Scenarios" data-provider="scenarios" finished-at="2022-12-15T00:51:41 EET" duration-ms="8415" status="FAIL">
          <params>
            <param index="0">
              <value>
                <![CDATA["user opens rss link"]]>
              </value>
            </param>
            <param index="1">
              <value>
                <![CDATA["F08_Follow Us  | User clicks on follow us icons"]]>
              </value>
            </param>
          </params>
          <exception class="java.lang.IndexOutOfBoundsException">
            <message>
              <![CDATA[Index 1 out of bounds for length 1]]>
            </message>
            <full-stacktrace>
              <![CDATA[java.lang.IndexOutOfBoundsException: Index 1 out of bounds for length 1
at java.base/jdk.internal.util.Preconditions.outOfBounds(Preconditions.java:100)
at java.base/jdk.internal.util.Preconditions.outOfBoundsCheckIndex(Preconditions.java:106)
at java.base/jdk.internal.util.Preconditions.checkIndex(Preconditions.java:302)
at java.base/java.util.Objects.checkIndex(Objects.java:385)
at java.base/java.util.ArrayList.get(ArrayList.java:427)
at org.example.Step_Definitions.D08_FollowUs_StepDefinitions.rss(D08_FollowUs_StepDefinitions.java:73)
at ✽.user should be directed to the website rss page(file:///D:/E-Commerce%20Website%20Project/E-Commerce_Website_Testing/src/main/resources/Features_Folder/F08_FollowUs.feature:17)
]]>
            </full-stacktrace>
          </exception> <!-- java.lang.IndexOutOfBoundsException -->
          <reporter-output>
          </reporter-output>
        </test-method> <!-- runScenario -->
        <test-method signature="runScenario(io.cucumber.testng.PickleWrapper,io.cucumber.testng.FeatureWrapper)[pri:0, instance:org.example.Test_Runner.TestRunner@d706f19]" started-at="2022-12-15T00:51:41 EET" name="runScenario" description="Runs Cucumber Scenarios" data-provider="scenarios" finished-at="2022-12-15T00:51:51 EET" duration-ms="10328" status="PASS">
          <params>
            <param index="0">
              <value>
                <![CDATA["user opens youtube link"]]>
              </value>
            </param>
            <param index="1">
              <value>
                <![CDATA["F08_Follow Us  | User clicks on follow us icons"]]>
              </value>
            </param>
          </params>
          <reporter-output>
          </reporter-output>
        </test-method> <!-- runScenario -->
        <test-method signature="runScenario(io.cucumber.testng.PickleWrapper,io.cucumber.testng.FeatureWrapper)[pri:0, instance:org.example.Test_Runner.TestRunner@d706f19]" started-at="2022-12-15T00:51:51 EET" name="runScenario" description="Runs Cucumber Scenarios" data-provider="scenarios" finished-at="2022-12-15T00:51:57 EET" duration-ms="5925" status="PASS">
          <params>
            <param index="0">
              <value>
                <![CDATA["user could add different products to Wishlist"]]>
              </value>
            </param>
            <param index="1">
              <value>
                <![CDATA["F09_Wishlist | user add products to wishlist"]]>
              </value>
            </param>
          </params>
          <reporter-output>
          </reporter-output>
        </test-method> <!-- runScenario -->
        <test-method signature="runScenario(io.cucumber.testng.PickleWrapper,io.cucumber.testng.FeatureWrapper)[pri:0, instance:org.example.Test_Runner.TestRunner@d706f19]" started-at="2022-12-15T00:51:57 EET" name="runScenario" description="Runs Cucumber Scenarios" data-provider="scenarios" finished-at="2022-12-15T00:52:17 EET" duration-ms="20564" status="PASS">
          <params>
            <param index="0">
              <value>
                <![CDATA["user could click on "Wishlist" Tab"]]>
              </value>
            </param>
            <param index="1">
              <value>
                <![CDATA["F09_Wishlist | user add products to wishlist"]]>
              </value>
            </param>
          </params>
          <reporter-output>
          </reporter-output>
        </test-method> <!-- runScenario -->
        <test-method is-config="true" signature="tearDownClass()[pri:0, instance:org.example.Test_Runner.TestRunner@d706f19]" started-at="2022-12-15T00:52:17 EET" name="tearDownClass" finished-at="2022-12-15T00:52:18 EET" duration-ms="184" status="PASS">
          <reporter-output>
          </reporter-output>
        </test-method> <!-- tearDownClass -->
      </class> <!-- org.example.Test_Runner.TestRunner -->
    </test> <!-- Surefire test -->
  </suite> <!-- Surefire suite -->
</testng-results>
